{"/Users/kate/Desktop/Project/Kate/parking-genie/mocks/fileMock.js": {"path":"/Users/kate/Desktop/Project/Kate/parking-genie/mocks/fileMock.js","statementMap":{"0":{"start":{"line":2,"column":0},"end":{"line":2,"column":44}}},"fnMap":{"0":{"name":"(anonymous_0)","decl":{"start":{"line":2,"column":33},"end":{"line":2,"column":34}},"loc":{"start":{"line":2,"column":39},"end":{"line":2,"column":41}},"line":2}},"branchMap":{},"s":{"0":1},"f":{"0":0},"b":{},"inputSourceMap":null,"_coverageSchema":"1a1c01bbd47fc00a2c39e90264f33305004495a9","hash":"31dd709bed6c14a645450beb36f7032b54f6bc76"}
,"/Users/kate/Desktop/Project/Kate/parking-genie/mocks/reactLeafletMock.js": {"path":"/Users/kate/Desktop/Project/Kate/parking-genie/mocks/reactLeafletMock.js","statementMap":{"0":{"start":{"line":2,"column":0},"end":{"line":2,"column":20}}},"fnMap":{},"branchMap":{},"s":{"0":1},"f":{},"b":{},"inputSourceMap":null,"_coverageSchema":"1a1c01bbd47fc00a2c39e90264f33305004495a9","hash":"71ad06a5856086db816b694f1be8428120ad611c"}
,"/Users/kate/Desktop/Project/Kate/parking-genie/mocks/styleMock.js": {"path":"/Users/kate/Desktop/Project/Kate/parking-genie/mocks/styleMock.js","statementMap":{"0":{"start":{"line":1,"column":0},"end":{"line":1,"column":20}}},"fnMap":{},"branchMap":{},"s":{"0":1},"f":{},"b":{},"inputSourceMap":null,"_coverageSchema":"1a1c01bbd47fc00a2c39e90264f33305004495a9","hash":"7b8e93d6bdb926b7e4e1bbaba64055855fb21a11"}
,"/Users/kate/Desktop/Project/Kate/parking-genie/src/Hello.tsx": {"path":"/Users/kate/Desktop/Project/Kate/parking-genie/src/Hello.tsx","statementMap":{"0":{"start":{"line":1,"column":14},"end":{"line":3,"column":1}},"1":{"start":{"line":2,"column":2},"end":{"line":2,"column":33}},"2":{"start":{"line":5,"column":0},"end":{"line":5,"column":21}}},"fnMap":{"0":{"name":"(anonymous_0)","decl":{"start":{"line":1,"column":14},"end":{"line":1,"column":17}},"loc":{"start":{"line":1,"column":19},"end":{"line":3,"column":1}}}},"branchMap":{},"s":{"0":1,"1":1,"2":1},"f":{"0":1},"b":{}}
,"/Users/kate/Desktop/Project/Kate/parking-genie/src/components/AboutButton/index.tsx": {"path":"/Users/kate/Desktop/Project/Kate/parking-genie/src/components/AboutButton/index.tsx","statementMap":{"0":{"start":{"line":1,"column":0},"end":{"line":1,"column":47}},"1":{"start":{"line":2,"column":0},"end":{"line":2,"column":56}},"2":{"start":{"line":4,"column":20},"end":{"line":21,"column":1}},"3":{"start":{"line":5,"column":19},"end":{"line":5,"column":32}},"4":{"start":{"line":7,"column":23},"end":{"line":9,"column":3}},"5":{"start":{"line":8,"column":4},"end":{"line":8,"column":23}},"6":{"start":{"line":11,"column":2},"end":{"line":20,"column":4}},"7":{"start":{"line":23,"column":0},"end":{"line":23,"column":27}}},"fnMap":{"0":{"name":"(anonymous_1)","decl":{"start":{"line":4,"column":20},"end":{"line":4,"column":23}},"loc":{"start":{"line":4,"column":25},"end":{"line":21,"column":1}}},"1":{"name":"(anonymous_2)","decl":{"start":{"line":7,"column":23},"end":{"line":7,"column":26}},"loc":{"start":{"line":7,"column":28},"end":{"line":9,"column":3}}}},"branchMap":{},"s":{"0":1,"1":1,"2":1,"3":5,"4":0,"5":0,"6":0,"7":1},"f":{"0":5,"1":0},"b":{}}
,"/Users/kate/Desktop/Project/Kate/parking-genie/src/components/DestinationMarker/index.tsx": {"path":"/Users/kate/Desktop/Project/Kate/parking-genie/src/components/DestinationMarker/index.tsx","statementMap":{"0":{"start":{"line":1,"column":0},"end":{"line":1,"column":41}},"1":{"start":{"line":2,"column":0},"end":{"line":2,"column":24}},"2":{"start":{"line":3,"column":0},"end":{"line":3,"column":54}},"3":{"start":{"line":4,"column":0},"end":{"line":4,"column":45}},"4":{"start":{"line":5,"column":0},"end":{"line":5,"column":56}},"5":{"start":{"line":7,"column":26},"end":{"line":27,"column":1}},"6":{"start":{"line":8,"column":14},"end":{"line":8,"column":22}},"7":{"start":{"line":9,"column":22},"end":{"line":9,"column":81}},"8":{"start":{"line":9,"column":48},"end":{"line":9,"column":80}},"9":{"start":{"line":11,"column":15},"end":{"line":14,"column":4}},"10":{"start":{"line":16,"column":2},"end":{"line":20,"column":55}},"11":{"start":{"line":17,"column":4},"end":{"line":19,"column":null}},"12":{"start":{"line":18,"column":6},"end":{"line":18,"column":53}},"13":{"start":{"line":22,"column":2},"end":{"line":26,"column":4}},"14":{"start":{"line":29,"column":0},"end":{"line":29,"column":45}}},"fnMap":{"0":{"name":"(anonymous_7)","decl":{"start":{"line":7,"column":26},"end":{"line":7,"column":29}},"loc":{"start":{"line":7,"column":31},"end":{"line":27,"column":1}}},"1":{"name":"(anonymous_8)","decl":{"start":{"line":9,"column":37},"end":{"line":9,"column":38}},"loc":{"start":{"line":9,"column":48},"end":{"line":9,"column":80}}},"2":{"name":"(anonymous_9)","decl":{"start":{"line":16,"column":12},"end":{"line":16,"column":15}},"loc":{"start":{"line":16,"column":17},"end":{"line":20,"column":3}}}},"branchMap":{"0":{"loc":{"start":{"line":17,"column":4},"end":{"line":19,"column":null}},"type":"if","locations":[{"start":{"line":17,"column":4},"end":{"line":19,"column":null}}]},"1":{"loc":{"start":{"line":22,"column":9},"end":{"line":25,"column":null}},"type":"cond-expr","locations":[{"start":{"line":22,"column":46},"end":{"line":22,"column":50}},{"start":{"line":23,"column":4},"end":{"line":24,"column":null}}]}},"s":{"0":1,"1":1,"2":1,"3":1,"4":1,"5":1,"6":0,"7":0,"8":0,"9":0,"10":0,"11":0,"12":0,"13":0,"14":1},"f":{"0":0,"1":0,"2":0},"b":{"0":[0],"1":[0,0]}}
,"/Users/kate/Desktop/Project/Kate/parking-genie/src/components/IconIllustration/index.tsx": {"path":"/Users/kate/Desktop/Project/Kate/parking-genie/src/components/IconIllustration/index.tsx","statementMap":{"0":{"start":{"line":1,"column":0},"end":{"line":1,"column":58}},"1":{"start":{"line":2,"column":0},"end":{"line":2,"column":52}},"2":{"start":{"line":3,"column":0},"end":{"line":3,"column":58}},"3":{"start":{"line":4,"column":0},"end":{"line":4,"column":54}},"4":{"start":{"line":6,"column":17},"end":{"line":11,"column":2}},"5":{"start":{"line":13,"column":25},"end":{"line":32,"column":1}},"6":{"start":{"line":14,"column":2},"end":{"line":31,"column":4}},"7":{"start":{"line":21,"column":8},"end":{"line":28,"column":10}},"8":{"start":{"line":34,"column":0},"end":{"line":34,"column":32}}},"fnMap":{"0":{"name":"(anonymous_1)","decl":{"start":{"line":13,"column":25},"end":{"line":13,"column":28}},"loc":{"start":{"line":13,"column":30},"end":{"line":32,"column":1}}},"1":{"name":"(anonymous_2)","decl":{"start":{"line":20,"column":20},"end":{"line":20,"column":21}},"loc":{"start":{"line":20,"column":29},"end":{"line":29,"column":7}}}},"branchMap":{},"s":{"0":1,"1":1,"2":1,"3":1,"4":1,"5":1,"6":3,"7":12,"8":1},"f":{"0":3,"1":12},"b":{}}
,"/Users/kate/Desktop/Project/Kate/parking-genie/src/components/LocationButton/index.tsx": {"path":"/Users/kate/Desktop/Project/Kate/parking-genie/src/components/LocationButton/index.tsx","statementMap":{"0":{"start":{"line":1,"column":0},"end":{"line":1,"column":39}},"1":{"start":{"line":2,"column":0},"end":{"line":2,"column":45}},"2":{"start":{"line":3,"column":0},"end":{"line":3,"column":91}},"3":{"start":{"line":5,"column":23},"end":{"line":25,"column":1}},"4":{"start":{"line":6,"column":14},"end":{"line":6,"column":22}},"5":{"start":{"line":7,"column":26},"end":{"line":8,"column":null}},"6":{"start":{"line":8,"column":15},"end":{"line":8,"column":58}},"7":{"start":{"line":11,"column":30},"end":{"line":15,"column":3}},"8":{"start":{"line":12,"column":4},"end":{"line":14,"column":null}},"9":{"start":{"line":13,"column":6},"end":{"line":13,"column":48}},"10":{"start":{"line":16,"column":2},"end":{"line":24,"column":4}},"11":{"start":{"line":27,"column":0},"end":{"line":27,"column":30}}},"fnMap":{"0":{"name":"(anonymous_0)","decl":{"start":{"line":5,"column":23},"end":{"line":5,"column":26}},"loc":{"start":{"line":5,"column":28},"end":{"line":25,"column":1}}},"1":{"name":"(anonymous_1)","decl":{"start":{"line":8,"column":4},"end":{"line":8,"column":5}},"loc":{"start":{"line":8,"column":15},"end":{"line":8,"column":58}}},"2":{"name":"(anonymous_2)","decl":{"start":{"line":11,"column":30},"end":{"line":11,"column":33}},"loc":{"start":{"line":11,"column":35},"end":{"line":15,"column":3}}}},"branchMap":{"0":{"loc":{"start":{"line":12,"column":4},"end":{"line":14,"column":null}},"type":"if","locations":[{"start":{"line":12,"column":4},"end":{"line":14,"column":null}}]}},"s":{"0":1,"1":1,"2":1,"3":1,"4":0,"5":0,"6":0,"7":0,"8":0,"9":0,"10":0,"11":1},"f":{"0":0,"1":0,"2":0},"b":{"0":[0]}}
,"/Users/kate/Desktop/Project/Kate/parking-genie/src/components/Map/index.tsx": {"path":"/Users/kate/Desktop/Project/Kate/parking-genie/src/components/Map/index.tsx","statementMap":{"0":{"start":{"line":1,"column":0},"end":{"line":1,"column":34}},"1":{"start":{"line":2,"column":0},"end":{"line":2,"column":56}},"2":{"start":{"line":3,"column":0},"end":{"line":3,"column":46}},"3":{"start":{"line":4,"column":0},"end":{"line":4,"column":45}},"4":{"start":{"line":5,"column":0},"end":{"line":5,"column":55}},"5":{"start":{"line":6,"column":0},"end":{"line":6,"column":53}},"6":{"start":{"line":7,"column":0},"end":{"line":7,"column":71}},"7":{"start":{"line":8,"column":0},"end":{"line":8,"column":47}},"8":{"start":{"line":9,"column":0},"end":{"line":9,"column":68}},"9":{"start":{"line":10,"column":0},"end":{"line":10,"column":20}},"10":{"start":{"line":12,"column":12},"end":{"line":33,"column":1}},"11":{"start":{"line":13,"column":19},"end":{"line":13,"column":35}},"12":{"start":{"line":15,"column":2},"end":{"line":17,"column":17}},"13":{"start":{"line":16,"column":4},"end":{"line":16,"column":37}},"14":{"start":{"line":19,"column":2},"end":{"line":32,"column":4}},"15":{"start":{"line":35,"column":0},"end":{"line":35,"column":19}}},"fnMap":{"0":{"name":"(anonymous_1)","decl":{"start":{"line":12,"column":12},"end":{"line":12,"column":15}},"loc":{"start":{"line":12,"column":17},"end":{"line":33,"column":1}}},"1":{"name":"(anonymous_2)","decl":{"start":{"line":15,"column":12},"end":{"line":15,"column":15}},"loc":{"start":{"line":15,"column":17},"end":{"line":17,"column":3}}}},"branchMap":{},"s":{"0":1,"1":1,"2":1,"3":1,"4":1,"5":1,"6":1,"7":1,"8":1,"9":1,"10":1,"11":5,"12":0,"13":0,"14":0,"15":1},"f":{"0":5,"1":0},"b":{}}
,"/Users/kate/Desktop/Project/Kate/parking-genie/src/components/ParkingLotsMarkerContainer/ParkingLotMarker.tsx": {"path":"/Users/kate/Desktop/Project/Kate/parking-genie/src/components/ParkingLotsMarkerContainer/ParkingLotMarker.tsx","statementMap":{"0":{"start":{"line":2,"column":0},"end":{"line":2,"column":41}},"1":{"start":{"line":3,"column":0},"end":{"line":3,"column":46}},"2":{"start":{"line":5,"column":0},"end":{"line":5,"column":45}},"3":{"start":{"line":6,"column":0},"end":{"line":6,"column":72}},"4":{"start":{"line":7,"column":0},"end":{"line":7,"column":56}},"5":{"start":{"line":8,"column":0},"end":{"line":8,"column":66}},"6":{"start":{"line":9,"column":0},"end":{"line":9,"column":62}},"7":{"start":{"line":10,"column":0},"end":{"line":10,"column":66}},"8":{"start":{"line":11,"column":0},"end":{"line":11,"column":60}},"9":{"start":{"line":12,"column":0},"end":{"line":12,"column":46}},"10":{"start":{"line":18,"column":60},"end":{"line":81,"column":1}},"11":{"start":{"line":19,"column":19},"end":{"line":19,"column":24}},"12":{"start":{"line":20,"column":32},"end":{"line":20,"column":88}},"13":{"start":{"line":22,"column":23},"end":{"line":23,"column":null}},"14":{"start":{"line":23,"column":15},"end":{"line":23,"column":58}},"15":{"start":{"line":26,"column":29},"end":{"line":27,"column":null}},"16":{"start":{"line":27,"column":15},"end":{"line":27,"column":55}},"17":{"start":{"line":30,"column":17},"end":{"line":30,"column":44}},"18":{"start":{"line":32,"column":22},"end":{"line":35,"column":4}},"19":{"start":{"line":37,"column":30},"end":{"line":38,"column":null}},"20":{"start":{"line":38,"column":15},"end":{"line":38,"column":48}},"21":{"start":{"line":41,"column":24},"end":{"line":41,"column":89}},"22":{"start":{"line":41,"column":64},"end":{"line":41,"column":88}},"23":{"start":{"line":42,"column":25},"end":{"line":42,"column":88}},"24":{"start":{"line":45,"column":2},"end":{"line":53,"column":null}},"25":{"start":{"line":46,"column":4},"end":{"line":46,"column":31}},"26":{"start":{"line":47,"column":9},"end":{"line":53,"column":null}},"27":{"start":{"line":48,"column":4},"end":{"line":48,"column":34}},"28":{"start":{"line":49,"column":9},"end":{"line":53,"column":null}},"29":{"start":{"line":50,"column":4},"end":{"line":50,"column":32}},"30":{"start":{"line":52,"column":4},"end":{"line":52,"column":34}},"31":{"start":{"line":55,"column":15},"end":{"line":58,"column":4}},"32":{"start":{"line":60,"column":2},"end":{"line":80,"column":4}},"33":{"start":{"line":83,"column":0},"end":{"line":83,"column":33}}},"fnMap":{"0":{"name":"(anonymous_1)","decl":{"start":{"line":18,"column":60},"end":{"line":18,"column":61}},"loc":{"start":{"line":18,"column":70},"end":{"line":81,"column":1}}},"1":{"name":"(anonymous_2)","decl":{"start":{"line":23,"column":4},"end":{"line":23,"column":5}},"loc":{"start":{"line":23,"column":15},"end":{"line":23,"column":58}}},"2":{"name":"(anonymous_3)","decl":{"start":{"line":27,"column":4},"end":{"line":27,"column":5}},"loc":{"start":{"line":27,"column":15},"end":{"line":27,"column":55}}},"3":{"name":"(anonymous_4)","decl":{"start":{"line":38,"column":4},"end":{"line":38,"column":5}},"loc":{"start":{"line":38,"column":15},"end":{"line":38,"column":48}}},"4":{"name":"(anonymous_5)","decl":{"start":{"line":41,"column":49},"end":{"line":41,"column":50}},"loc":{"start":{"line":41,"column":64},"end":{"line":41,"column":88}}}},"branchMap":{"0":{"loc":{"start":{"line":30,"column":17},"end":{"line":30,"column":44}},"type":"binary-expr","locations":[{"start":{"line":30,"column":17},"end":{"line":30,"column":29}},{"start":{"line":30,"column":33},"end":{"line":30,"column":44}}]},"1":{"loc":{"start":{"line":42,"column":25},"end":{"line":42,"column":88}},"type":"cond-expr","locations":[{"start":{"line":42,"column":55},"end":{"line":42,"column":82}},{"start":{"line":42,"column":85},"end":{"line":42,"column":88}}]},"2":{"loc":{"start":{"line":42,"column":25},"end":{"line":42,"column":52}},"type":"cond-expr","locations":[{"start":{"line":42,"column":38},"end":{"line":42,"column":40}},{"start":{"line":42,"column":25},"end":{"line":42,"column":52}}]},"3":{"loc":{"start":{"line":42,"column":25},"end":{"line":42,"column":40}},"type":"binary-expr","locations":[{"start":{"line":42,"column":25},"end":{"line":42,"column":40}},{"start":{"line":42,"column":25},"end":{"line":42,"column":40}}]},"4":{"loc":{"start":{"line":42,"column":55},"end":{"line":42,"column":82}},"type":"cond-expr","locations":[{"start":{"line":42,"column":68},"end":{"line":42,"column":70}},{"start":{"line":42,"column":55},"end":{"line":42,"column":82}}]},"5":{"loc":{"start":{"line":42,"column":55},"end":{"line":42,"column":70}},"type":"binary-expr","locations":[{"start":{"line":42,"column":55},"end":{"line":42,"column":70}},{"start":{"line":42,"column":55},"end":{"line":42,"column":70}}]},"6":{"loc":{"start":{"line":45,"column":2},"end":{"line":53,"column":null}},"type":"if","locations":[{"start":{"line":45,"column":2},"end":{"line":53,"column":null}},{"start":{"line":47,"column":9},"end":{"line":53,"column":null}}]},"7":{"loc":{"start":{"line":47,"column":9},"end":{"line":53,"column":null}},"type":"if","locations":[{"start":{"line":47,"column":9},"end":{"line":53,"column":null}},{"start":{"line":49,"column":9},"end":{"line":53,"column":null}}]},"8":{"loc":{"start":{"line":47,"column":13},"end":{"line":47,"column":56}},"type":"binary-expr","locations":[{"start":{"line":47,"column":13},"end":{"line":47,"column":33}},{"start":{"line":47,"column":37},"end":{"line":47,"column":56}}]},"9":{"loc":{"start":{"line":49,"column":9},"end":{"line":53,"column":null}},"type":"if","locations":[{"start":{"line":49,"column":9},"end":{"line":53,"column":null}},{"start":{"line":51,"column":9},"end":{"line":53,"column":null}}]}},"s":{"0":1,"1":1,"2":1,"3":1,"4":1,"5":1,"6":1,"7":1,"8":1,"9":1,"10":1,"11":0,"12":0,"13":0,"14":0,"15":0,"16":0,"17":0,"18":0,"19":0,"20":0,"21":0,"22":0,"23":0,"24":0,"25":0,"26":0,"27":0,"28":0,"29":0,"30":0,"31":0,"32":0,"33":1},"f":{"0":0,"1":0,"2":0,"3":0,"4":0},"b":{"0":[0,0],"1":[0,0],"2":[0,0],"3":[0,0],"4":[0,0],"5":[0,0],"6":[0,0],"7":[0,0],"8":[0,0],"9":[0,0]}}
,"/Users/kate/Desktop/Project/Kate/parking-genie/src/components/ParkingLotsMarkerContainer/index.tsx": {"path":"/Users/kate/Desktop/Project/Kate/parking-genie/src/components/ParkingLotsMarkerContainer/index.tsx","statementMap":{"0":{"start":{"line":1,"column":0},"end":{"line":1,"column":34}},"1":{"start":{"line":2,"column":0},"end":{"line":2,"column":39}},"2":{"start":{"line":3,"column":0},"end":{"line":3,"column":61}},"3":{"start":{"line":4,"column":0},"end":{"line":4,"column":null}},"4":{"start":{"line":8,"column":0},"end":{"line":8,"column":51}},"5":{"start":{"line":9,"column":0},"end":{"line":9,"column":56}},"6":{"start":{"line":11,"column":35},"end":{"line":42,"column":1}},"7":{"start":{"line":12,"column":14},"end":{"line":12,"column":22}},"8":{"start":{"line":13,"column":19},"end":{"line":13,"column":35}},"9":{"start":{"line":14,"column":2},"end":{"line":14,"column":39}},"10":{"start":{"line":16,"column":2},"end":{"line":18,"column":5}},"11":{"start":{"line":17,"column":4},"end":{"line":17,"column":63}},"12":{"start":{"line":20,"column":20},"end":{"line":20,"column":74}},"13":{"start":{"line":20,"column":46},"end":{"line":20,"column":73}},"14":{"start":{"line":21,"column":26},"end":{"line":21,"column":86}},"15":{"start":{"line":21,"column":52},"end":{"line":21,"column":85}},"16":{"start":{"line":23,"column":2},"end":{"line":29,"column":45}},"17":{"start":{"line":24,"column":17},"end":{"line":27,"column":6}},"18":{"start":{"line":25,"column":21},"end":{"line":25,"column":83}},"19":{"start":{"line":26,"column":6},"end":{"line":26,"column":40}},"20":{"start":{"line":28,"column":4},"end":{"line":28,"column":60}},"21":{"start":{"line":31,"column":28},"end":{"line":32,"column":null}},"22":{"start":{"line":32,"column":15},"end":{"line":32,"column":50}},"23":{"start":{"line":35,"column":2},"end":{"line":41,"column":4}},"24":{"start":{"line":38,"column":8},"end":{"line":38,"column":63}},"25":{"start":{"line":44,"column":0},"end":{"line":44,"column":42}}},"fnMap":{"0":{"name":"(anonymous_1)","decl":{"start":{"line":11,"column":35},"end":{"line":11,"column":38}},"loc":{"start":{"line":11,"column":40},"end":{"line":42,"column":1}}},"1":{"name":"(anonymous_2)","decl":{"start":{"line":16,"column":20},"end":{"line":16,"column":21}},"loc":{"start":{"line":16,"column":26},"end":{"line":18,"column":3}}},"2":{"name":"(anonymous_3)","decl":{"start":{"line":20,"column":35},"end":{"line":20,"column":36}},"loc":{"start":{"line":20,"column":46},"end":{"line":20,"column":73}}},"3":{"name":"(anonymous_4)","decl":{"start":{"line":21,"column":41},"end":{"line":21,"column":42}},"loc":{"start":{"line":21,"column":52},"end":{"line":21,"column":85}}},"4":{"name":"(anonymous_5)","decl":{"start":{"line":23,"column":12},"end":{"line":23,"column":15}},"loc":{"start":{"line":23,"column":17},"end":{"line":29,"column":3}}},"5":{"name":"(anonymous_6)","decl":{"start":{"line":24,"column":40},"end":{"line":24,"column":41}},"loc":{"start":{"line":24,"column":52},"end":{"line":27,"column":5}}},"6":{"name":"(anonymous_7)","decl":{"start":{"line":32,"column":4},"end":{"line":32,"column":5}},"loc":{"start":{"line":32,"column":15},"end":{"line":32,"column":50}}},"7":{"name":"(anonymous_8)","decl":{"start":{"line":37,"column":29},"end":{"line":37,"column":30}},"loc":{"start":{"line":37,"column":38},"end":{"line":39,"column":7}}}},"branchMap":{},"s":{"0":1,"1":1,"2":1,"3":1,"4":1,"5":1,"6":1,"7":0,"8":0,"9":0,"10":0,"11":0,"12":0,"13":0,"14":0,"15":0,"16":0,"17":0,"18":0,"19":0,"20":0,"21":0,"22":0,"23":0,"24":0,"25":1},"f":{"0":0,"1":0,"2":0,"3":0,"4":0,"5":0,"6":0,"7":0},"b":{}}
,"/Users/kate/Desktop/Project/Kate/parking-genie/src/components/SearchForm/index.tsx": {"path":"/Users/kate/Desktop/Project/Kate/parking-genie/src/components/SearchForm/index.tsx","statementMap":{"0":{"start":{"line":1,"column":0},"end":{"line":1,"column":57}},"1":{"start":{"line":2,"column":0},"end":{"line":2,"column":55}},"2":{"start":{"line":3,"column":0},"end":{"line":3,"column":81}},"3":{"start":{"line":4,"column":0},"end":{"line":4,"column":45}},"4":{"start":{"line":5,"column":0},"end":{"line":5,"column":63}},"5":{"start":{"line":6,"column":0},"end":{"line":6,"column":27}},"6":{"start":{"line":12,"column":19},"end":{"line":37,"column":1}},"7":{"start":{"line":13,"column":19},"end":{"line":13,"column":35}},"8":{"start":{"line":14,"column":37},"end":{"line":14,"column":54}},"9":{"start":{"line":16,"column":42},"end":{"line":19,"column":3}},"10":{"start":{"line":17,"column":4},"end":{"line":17,"column":63}},"11":{"start":{"line":17,"column":34},"end":{"line":17,"column":63}},"12":{"start":{"line":18,"column":4},"end":{"line":18,"column":62}},"13":{"start":{"line":21,"column":2},"end":{"line":36,"column":4}},"14":{"start":{"line":39,"column":0},"end":{"line":39,"column":26}}},"fnMap":{"0":{"name":"(anonymous_0)","decl":{"start":{"line":12,"column":19},"end":{"line":12,"column":22}},"loc":{"start":{"line":12,"column":24},"end":{"line":37,"column":1}}},"1":{"name":"(anonymous_1)","decl":{"start":{"line":16,"column":42},"end":{"line":16,"column":43}},"loc":{"start":{"line":16,"column":51},"end":{"line":19,"column":3}}}},"branchMap":{"0":{"loc":{"start":{"line":17,"column":4},"end":{"line":17,"column":63}},"type":"if","locations":[{"start":{"line":17,"column":4},"end":{"line":17,"column":63}}]}},"s":{"0":1,"1":1,"2":1,"3":1,"4":1,"5":1,"6":1,"7":5,"8":0,"9":0,"10":0,"11":0,"12":0,"13":0,"14":1},"f":{"0":5,"1":0},"b":{"0":[0]}}
,"/Users/kate/Desktop/Project/Kate/parking-genie/src/components/UserLocationMarker/index.tsx": {"path":"/Users/kate/Desktop/Project/Kate/parking-genie/src/components/UserLocationMarker/index.tsx","statementMap":{"0":{"start":{"line":1,"column":0},"end":{"line":1,"column":34}},"1":{"start":{"line":2,"column":0},"end":{"line":2,"column":24}},"2":{"start":{"line":3,"column":0},"end":{"line":3,"column":54}},"3":{"start":{"line":4,"column":0},"end":{"line":4,"column":55}},"4":{"start":{"line":5,"column":0},"end":{"line":5,"column":61}},"5":{"start":{"line":6,"column":0},"end":{"line":6,"column":61}},"6":{"start":{"line":7,"column":0},"end":{"line":7,"column":66}},"7":{"start":{"line":8,"column":0},"end":{"line":8,"column":43}},"8":{"start":{"line":10,"column":27},"end":{"line":55,"column":1}},"9":{"start":{"line":11,"column":14},"end":{"line":11,"column":22}},"10":{"start":{"line":12,"column":19},"end":{"line":12,"column":35}},"11":{"start":{"line":14,"column":2},"end":{"line":16,"column":22}},"12":{"start":{"line":15,"column":4},"end":{"line":15,"column":63}},"13":{"start":{"line":18,"column":15},"end":{"line":21,"column":4}},"14":{"start":{"line":23,"column":2},"end":{"line":27,"column":22}},"15":{"start":{"line":24,"column":4},"end":{"line":26,"column":7}},"16":{"start":{"line":25,"column":6},"end":{"line":25,"column":40}},"17":{"start":{"line":29,"column":26},"end":{"line":30,"column":null}},"18":{"start":{"line":30,"column":15},"end":{"line":30,"column":58}},"19":{"start":{"line":32,"column":25},"end":{"line":33,"column":null}},"20":{"start":{"line":33,"column":15},"end":{"line":33,"column":66}},"21":{"start":{"line":36,"column":2},"end":{"line":43,"column":null}},"22":{"start":{"line":37,"column":4},"end":{"line":41,"column":null}},"23":{"start":{"line":38,"column":6},"end":{"line":40,"column":8}},"24":{"start":{"line":42,"column":4},"end":{"line":42,"column":46}},"25":{"start":{"line":45,"column":2},"end":{"line":54,"column":4}},"26":{"start":{"line":57,"column":0},"end":{"line":57,"column":34}}},"fnMap":{"0":{"name":"(anonymous_1)","decl":{"start":{"line":10,"column":27},"end":{"line":10,"column":30}},"loc":{"start":{"line":10,"column":32},"end":{"line":55,"column":1}}},"1":{"name":"(anonymous_2)","decl":{"start":{"line":14,"column":12},"end":{"line":14,"column":15}},"loc":{"start":{"line":14,"column":17},"end":{"line":16,"column":3}}},"2":{"name":"(anonymous_3)","decl":{"start":{"line":23,"column":12},"end":{"line":23,"column":15}},"loc":{"start":{"line":23,"column":17},"end":{"line":27,"column":3}}},"3":{"name":"(anonymous_4)","decl":{"start":{"line":24,"column":37},"end":{"line":24,"column":38}},"loc":{"start":{"line":24,"column":43},"end":{"line":26,"column":5}}},"4":{"name":"(anonymous_5)","decl":{"start":{"line":30,"column":4},"end":{"line":30,"column":5}},"loc":{"start":{"line":30,"column":15},"end":{"line":30,"column":58}}},"5":{"name":"(anonymous_6)","decl":{"start":{"line":33,"column":4},"end":{"line":33,"column":5}},"loc":{"start":{"line":33,"column":15},"end":{"line":33,"column":66}}}},"branchMap":{"0":{"loc":{"start":{"line":36,"column":2},"end":{"line":43,"column":null}},"type":"if","locations":[{"start":{"line":36,"column":2},"end":{"line":43,"column":null}}]},"1":{"loc":{"start":{"line":37,"column":4},"end":{"line":41,"column":null}},"type":"if","locations":[{"start":{"line":37,"column":4},"end":{"line":41,"column":null}}]},"2":{"loc":{"start":{"line":45,"column":9},"end":{"line":53,"column":null}},"type":"cond-expr","locations":[{"start":{"line":45,"column":41},"end":{"line":45,"column":45}},{"start":{"line":46,"column":4},"end":{"line":52,"column":null}}]}},"s":{"0":1,"1":1,"2":1,"3":1,"4":1,"5":1,"6":1,"7":1,"8":1,"9":0,"10":0,"11":0,"12":0,"13":0,"14":0,"15":0,"16":0,"17":0,"18":0,"19":0,"20":0,"21":0,"22":0,"23":0,"24":0,"25":0,"26":1},"f":{"0":0,"1":0,"2":0,"3":0,"4":0,"5":0},"b":{"0":[0],"1":[0],"2":[0,0]}}
,"/Users/kate/Desktop/Project/Kate/parking-genie/src/data/data.ts": {"path":"/Users/kate/Desktop/Project/Kate/parking-genie/src/data/data.ts","statementMap":{"0":{"start":{"line":3,"column":13},"end":{"line":3,"column":30}},"1":{"start":{"line":4,"column":13},"end":{"line":4,"column":29}},"2":{"start":{"line":5,"column":13},"end":{"line":5,"column":80}},"3":{"start":{"line":6,"column":13},"end":{"line":7,"column":63}},"4":{"start":{"line":8,"column":13},"end":{"line":9,"column":62}}},"fnMap":{},"branchMap":{},"s":{"0":1,"1":1,"2":1,"3":1,"4":1},"f":{},"b":{}}
,"/Users/kate/Desktop/Project/Kate/parking-genie/src/pages/Homepage/index.tsx": {"path":"/Users/kate/Desktop/Project/Kate/parking-genie/src/pages/Homepage/index.tsx","statementMap":{"0":{"start":{"line":1,"column":0},"end":{"line":1,"column":39}},"1":{"start":{"line":2,"column":0},"end":{"line":2,"column":53}},"2":{"start":{"line":3,"column":0},"end":{"line":3,"column":55}},"3":{"start":{"line":4,"column":0},"end":{"line":4,"column":65}},"4":{"start":{"line":6,"column":17},"end":{"line":15,"column":1}},"5":{"start":{"line":7,"column":2},"end":{"line":14,"column":4}},"6":{"start":{"line":16,"column":0},"end":{"line":16,"column":24}}},"fnMap":{"0":{"name":"(anonymous_1)","decl":{"start":{"line":6,"column":17},"end":{"line":6,"column":20}},"loc":{"start":{"line":6,"column":22},"end":{"line":15,"column":1}}}},"branchMap":{},"s":{"0":1,"1":1,"2":1,"3":1,"4":1,"5":3,"6":1},"f":{"0":3},"b":{}}
,"/Users/kate/Desktop/Project/Kate/parking-genie/src/store/index.ts": {"path":"/Users/kate/Desktop/Project/Kate/parking-genie/src/store/index.ts","statementMap":{"0":{"start":{"line":1,"column":0},"end":{"line":1,"column":77}},"1":{"start":{"line":2,"column":0},"end":{"line":2,"column":50}},"2":{"start":{"line":3,"column":0},"end":{"line":3,"column":38}},"3":{"start":{"line":4,"column":0},"end":{"line":4,"column":52}},"4":{"start":{"line":6,"column":14},"end":{"line":15,"column":2}},"5":{"start":{"line":12,"column":4},"end":{"line":14,"column":6}},"6":{"start":{"line":20,"column":13},"end":{"line":20,"column":61}},"7":{"start":{"line":21,"column":13},"end":{"line":21,"column":75}},"8":{"start":{"line":23,"column":0},"end":{"line":23,"column":21}}},"fnMap":{"0":{"name":"(anonymous_1)","decl":{"start":{"line":11,"column":14},"end":{"line":11,"column":15}},"loc":{"start":{"line":12,"column":4},"end":{"line":14,"column":6}}}},"branchMap":{},"s":{"0":1,"1":1,"2":1,"3":1,"4":1,"5":1,"6":1,"7":1,"8":1},"f":{"0":1},"b":{}}
,"/Users/kate/Desktop/Project/Kate/parking-genie/src/store/parkingLotsSlice.ts": {"path":"/Users/kate/Desktop/Project/Kate/parking-genie/src/store/parkingLotsSlice.ts","statementMap":{"0":{"start":{"line":1,"column":0},"end":{"line":1,"column":80}},"1":{"start":{"line":10,"column":17},"end":{"line":10,"column":86}},"2":{"start":{"line":11,"column":22},"end":{"line":11,"column":96}},"3":{"start":{"line":20,"column":50},"end":{"line":25,"column":2}},"4":{"start":{"line":28,"column":13},"end":{"line":40,"column":2}},"5":{"start":{"line":30,"column":24},"end":{"line":39,"column":null}},"6":{"start":{"line":31,"column":4},"end":{"line":38,"column":null}},"7":{"start":{"line":32,"column":23},"end":{"line":32,"column":44}},"8":{"start":{"line":33,"column":19},"end":{"line":33,"column":40}},"9":{"start":{"line":34,"column":6},"end":{"line":34,"column":41}},"10":{"start":{"line":37,"column":6},"end":{"line":37,"column":51}},"11":{"start":{"line":43,"column":13},"end":{"line":55,"column":2}},"12":{"start":{"line":45,"column":24},"end":{"line":54,"column":null}},"13":{"start":{"line":46,"column":4},"end":{"line":53,"column":null}},"14":{"start":{"line":47,"column":23},"end":{"line":47,"column":49}},"15":{"start":{"line":48,"column":19},"end":{"line":48,"column":40}},"16":{"start":{"line":49,"column":6},"end":{"line":49,"column":41}},"17":{"start":{"line":52,"column":6},"end":{"line":52,"column":51}},"18":{"start":{"line":57,"column":25},"end":{"line":80,"column":2}},"19":{"start":{"line":62,"column":6},"end":{"line":62,"column":47}},"20":{"start":{"line":65,"column":6},"end":{"line":65,"column":39}},"21":{"start":{"line":69,"column":4},"end":{"line":78,"column":9}},"22":{"start":{"line":73,"column":10},"end":{"line":73,"column":59}},"23":{"start":{"line":77,"column":8},"end":{"line":77,"column":57}},"24":{"start":{"line":82,"column":13},"end":{"line":82,"column":59}},"25":{"start":{"line":83,"column":0},"end":{"line":83,"column":40}}},"fnMap":{"0":{"name":"(anonymous_7)","decl":{"start":{"line":30,"column":2},"end":{"line":30,"column":9}},"loc":{"start":{"line":30,"column":24},"end":{"line":39,"column":null}}},"1":{"name":"(anonymous_8)","decl":{"start":{"line":30,"column":24},"end":{"line":30,"column":null}},"loc":{"start":{"line":30,"column":24},"end":{"line":39,"column":3}}},"2":{"name":"(anonymous_9)","decl":{"start":{"line":45,"column":2},"end":{"line":45,"column":9}},"loc":{"start":{"line":45,"column":24},"end":{"line":54,"column":null}}},"3":{"name":"(anonymous_10)","decl":{"start":{"line":45,"column":24},"end":{"line":45,"column":null}},"loc":{"start":{"line":45,"column":24},"end":{"line":54,"column":3}}},"4":{"name":"(anonymous_11)","decl":{"start":{"line":61,"column":26},"end":{"line":61,"column":27}},"loc":{"start":{"line":61,"column":44},"end":{"line":63,"column":5}}},"5":{"name":"(anonymous_12)","decl":{"start":{"line":64,"column":18},"end":{"line":64,"column":19}},"loc":{"start":{"line":64,"column":36},"end":{"line":66,"column":5}}},"6":{"name":"(anonymous_13)","decl":{"start":{"line":68,"column":17},"end":{"line":68,"column":18}},"loc":{"start":{"line":68,"column":29},"end":{"line":79,"column":3}}},"7":{"name":"(anonymous_14)","decl":{"start":{"line":72,"column":8},"end":{"line":72,"column":9}},"loc":{"start":{"line":72,"column":62},"end":{"line":74,"column":9}}},"8":{"name":"(anonymous_15)","decl":{"start":{"line":76,"column":51},"end":{"line":76,"column":52}},"loc":{"start":{"line":76,"column":69},"end":{"line":78,"column":7}}}},"branchMap":{},"s":{"0":1,"1":1,"2":1,"3":1,"4":1,"5":0,"6":0,"7":0,"8":0,"9":0,"10":0,"11":1,"12":0,"13":0,"14":0,"15":0,"16":0,"17":0,"18":1,"19":0,"20":0,"21":1,"22":0,"23":0,"24":1,"25":1},"f":{"0":0,"1":0,"2":0,"3":0,"4":0,"5":0,"6":1,"7":0,"8":0},"b":{}}
,"/Users/kate/Desktop/Project/Kate/parking-genie/src/store/userSlice.ts": {"path":"/Users/kate/Desktop/Project/Kate/parking-genie/src/store/userSlice.ts","statementMap":{"0":{"start":{"line":1,"column":0},"end":{"line":1,"column":80}},"1":{"start":{"line":3,"column":0},"end":{"line":3,"column":null}},"2":{"start":{"line":12,"column":22},"end":{"line":12,"column":61}},"3":{"start":{"line":30,"column":36},"end":{"line":40,"column":2}},"4":{"start":{"line":43,"column":13},"end":{"line":57,"column":2}},"5":{"start":{"line":45,"column":43},"end":{"line":56,"column":null}},"6":{"start":{"line":46,"column":4},"end":{"line":55,"column":null}},"7":{"start":{"line":47,"column":23},"end":{"line":48,"column":null}},"8":{"start":{"line":50,"column":19},"end":{"line":50,"column":40}},"9":{"start":{"line":51,"column":6},"end":{"line":51,"column":78}},"10":{"start":{"line":54,"column":6},"end":{"line":54,"column":51}},"11":{"start":{"line":60,"column":13},"end":{"line":72,"column":2}},"12":{"start":{"line":62,"column":36},"end":{"line":71,"column":null}},"13":{"start":{"line":63,"column":4},"end":{"line":70,"column":null}},"14":{"start":{"line":64,"column":23},"end":{"line":64,"column":87}},"15":{"start":{"line":65,"column":19},"end":{"line":65,"column":40}},"16":{"start":{"line":66,"column":6},"end":{"line":66,"column":71}},"17":{"start":{"line":69,"column":6},"end":{"line":69,"column":51}},"18":{"start":{"line":74,"column":18},"end":{"line":114,"column":2}},"19":{"start":{"line":79,"column":4},"end":{"line":112,"column":8}},"20":{"start":{"line":83,"column":23},"end":{"line":83,"column":50}},"21":{"start":{"line":84,"column":31},"end":{"line":84,"column":79}},"22":{"start":{"line":85,"column":10},"end":{"line":85,"column":50}},"23":{"start":{"line":86,"column":10},"end":{"line":86,"column":74}},"24":{"start":{"line":87,"column":10},"end":{"line":87,"column":65}},"25":{"start":{"line":88,"column":10},"end":{"line":88,"column":37}},"26":{"start":{"line":94,"column":10},"end":{"line":95,"column":52}},"27":{"start":{"line":97,"column":50},"end":{"line":97,"column":77}},"28":{"start":{"line":98,"column":10},"end":{"line":110,"column":null}},"29":{"start":{"line":102,"column":12},"end":{"line":102,"column":65}},"30":{"start":{"line":103,"column":12},"end":{"line":103,"column":67}},"31":{"start":{"line":105,"column":12},"end":{"line":108,"column":14}},"32":{"start":{"line":109,"column":12},"end":{"line":109,"column":66}},"33":{"start":{"line":116,"column":13},"end":{"line":116,"column":45}},"34":{"start":{"line":117,"column":0},"end":{"line":117,"column":33}}},"fnMap":{"0":{"name":"(anonymous_7)","decl":{"start":{"line":45,"column":2},"end":{"line":45,"column":9}},"loc":{"start":{"line":45,"column":43},"end":{"line":56,"column":null}}},"1":{"name":"(anonymous_8)","decl":{"start":{"line":45,"column":43},"end":{"line":45,"column":null}},"loc":{"start":{"line":45,"column":43},"end":{"line":56,"column":3}}},"2":{"name":"(anonymous_9)","decl":{"start":{"line":62,"column":2},"end":{"line":62,"column":9}},"loc":{"start":{"line":62,"column":36},"end":{"line":71,"column":null}}},"3":{"name":"(anonymous_10)","decl":{"start":{"line":62,"column":36},"end":{"line":62,"column":null}},"loc":{"start":{"line":62,"column":36},"end":{"line":71,"column":3}}},"4":{"name":"(anonymous_11)","decl":{"start":{"line":78,"column":17},"end":{"line":78,"column":18}},"loc":{"start":{"line":78,"column":29},"end":{"line":113,"column":3}}},"5":{"name":"(anonymous_12)","decl":{"start":{"line":82,"column":8},"end":{"line":82,"column":9}},"loc":{"start":{"line":82,"column":81},"end":{"line":89,"column":9}}},"6":{"name":"(anonymous_13)","decl":{"start":{"line":93,"column":8},"end":{"line":93,"column":9}},"loc":{"start":{"line":93,"column":88},"end":{"line":111,"column":9}}}},"branchMap":{"0":{"loc":{"start":{"line":98,"column":10},"end":{"line":110,"column":null}},"type":"if","locations":[{"start":{"line":98,"column":10},"end":{"line":110,"column":null}},{"start":{"line":104,"column":17},"end":{"line":110,"column":null}}]},"1":{"loc":{"start":{"line":99,"column":12},"end":{"line":100,"column":56}},"type":"binary-expr","locations":[{"start":{"line":99,"column":12},"end":{"line":99,"column":56}},{"start":{"line":100,"column":12},"end":{"line":100,"column":56}}]}},"s":{"0":1,"1":1,"2":1,"3":1,"4":1,"5":0,"6":0,"7":0,"8":0,"9":0,"10":0,"11":1,"12":0,"13":0,"14":0,"15":0,"16":0,"17":0,"18":1,"19":1,"20":0,"21":0,"22":0,"23":0,"24":0,"25":0,"26":0,"27":0,"28":0,"29":0,"30":0,"31":0,"32":0,"33":1,"34":1},"f":{"0":0,"1":0,"2":0,"3":0,"4":1,"5":0,"6":0},"b":{"0":[0,0],"1":[0,0]}}
,"/Users/kate/Desktop/Project/Kate/parking-genie/src/utils/navigationUrlGenerator.ts": {"path":"/Users/kate/Desktop/Project/Kate/parking-genie/src/utils/navigationUrlGenerator.ts","statementMap":{"0":{"start":{"line":3,"column":30},"end":{"line":9,"column":1}},"1":{"start":{"line":7,"column":14},"end":{"line":7,"column":213}},"2":{"start":{"line":8,"column":2},"end":{"line":8,"column":13}},"3":{"start":{"line":11,"column":0},"end":{"line":11,"column":37}}},"fnMap":{"0":{"name":"(anonymous_0)","decl":{"start":{"line":3,"column":30},"end":{"line":3,"column":null}},"loc":{"start":{"line":6,"column":4},"end":{"line":9,"column":1}}}},"branchMap":{},"s":{"0":1,"1":0,"2":0,"3":1},"f":{"0":0},"b":{}}
,"/Users/kate/Desktop/Project/Kate/parking-genie/src/utils/transformCoord.ts": {"path":"/Users/kate/Desktop/Project/Kate/parking-genie/src/utils/transformCoord.ts","statementMap":{"0":{"start":{"line":1,"column":0},"end":{"line":1,"column":26}},"1":{"start":{"line":4,"column":0},"end":{"line":17,"column":3}},"2":{"start":{"line":19,"column":23},"end":{"line":22,"column":1}},"3":{"start":{"line":20,"column":21},"end":{"line":20,"column":60}},"4":{"start":{"line":21,"column":2},"end":{"line":21,"column":20}},"5":{"start":{"line":24,"column":0},"end":{"line":24,"column":30}}},"fnMap":{"0":{"name":"(anonymous_1)","decl":{"start":{"line":19,"column":23},"end":{"line":19,"column":24}},"loc":{"start":{"line":19,"column":65},"end":{"line":22,"column":1}}}},"branchMap":{},"s":{"0":1,"1":1,"2":1,"3":0,"4":0,"5":1},"f":{"0":0},"b":{}}
}
