TN:
SF:mocks/fileMock.js
FN:2,(anonymous_0)
FNF:1
FNH:0
FNDA:0,(anonymous_0)
DA:2,1
LF:1
LH:1
BRF:0
BRH:0
end_of_record
TN:
SF:mocks/styleMock.js
FNF:0
FNH:0
DA:1,1
LF:1
LH:1
BRF:0
BRH:0
end_of_record
TN:
SF:src/data/data.ts
FNF:0
FNH:0
DA:3,1
DA:4,1
DA:5,1
DA:6,1
DA:8,1
LF:5
LH:5
BRF:0
BRH:0
end_of_record
TN:
SF:src/pages/About/index.tsx
FN:6,(anonymous_1)
FNF:1
FNH:1
FNDA:1,(anonymous_1)
DA:1,1
DA:2,1
DA:3,1
DA:4,1
DA:6,1
DA:7,1
DA:43,1
LF:7
LH:7
BRF:0
BRH:0
end_of_record
TN:
SF:src/store/index.ts
FN:11,(anonymous_1)
FN:22,setupStore
FNF:2
FNH:2
FNDA:1,(anonymous_1)
FNDA:1,setupStore
DA:1,1
DA:2,1
DA:3,1
DA:4,1
DA:6,1
DA:12,1
DA:17,1
DA:22,1
DA:23,1
DA:33,1
DA:34,1
DA:36,1
LF:12
LH:12
BRF:0
BRH:0
end_of_record
TN:
SF:src/store/parkingLotsSlice.ts
FN:30,(anonymous_7)
FN:30,(anonymous_8)
FN:45,(anonymous_9)
FN:45,(anonymous_10)
FN:61,(anonymous_11)
FN:64,(anonymous_12)
FN:68,(anonymous_13)
FN:72,(anonymous_14)
FN:76,(anonymous_15)
FNF:9
FNH:1
FNDA:0,(anonymous_7)
FNDA:0,(anonymous_8)
FNDA:0,(anonymous_9)
FNDA:0,(anonymous_10)
FNDA:0,(anonymous_11)
FNDA:0,(anonymous_12)
FNDA:1,(anonymous_13)
FNDA:0,(anonymous_14)
FNDA:0,(anonymous_15)
DA:1,1
DA:10,1
DA:11,1
DA:20,1
DA:28,1
DA:30,0
DA:31,0
DA:32,0
DA:33,0
DA:34,0
DA:37,0
DA:43,1
DA:45,0
DA:46,0
DA:47,0
DA:48,0
DA:49,0
DA:52,0
DA:57,1
DA:62,0
DA:65,0
DA:69,1
DA:73,0
DA:77,0
DA:82,1
DA:83,1
LF:26
LH:10
BRF:0
BRH:0
end_of_record
TN:
SF:src/store/userSlice.ts
FN:45,(anonymous_7)
FN:45,(anonymous_8)
FN:62,(anonymous_9)
FN:62,(anonymous_10)
FN:78,(anonymous_11)
FN:82,(anonymous_12)
FN:93,(anonymous_13)
FNF:7
FNH:1
FNDA:0,(anonymous_7)
FNDA:0,(anonymous_8)
FNDA:0,(anonymous_9)
FNDA:0,(anonymous_10)
FNDA:1,(anonymous_11)
FNDA:0,(anonymous_12)
FNDA:0,(anonymous_13)
DA:1,1
DA:3,1
DA:12,1
DA:30,1
DA:43,1
DA:45,0
DA:46,0
DA:47,0
DA:50,0
DA:51,0
DA:54,0
DA:60,1
DA:62,0
DA:63,0
DA:64,0
DA:65,0
DA:66,0
DA:69,0
DA:74,1
DA:79,1
DA:83,0
DA:84,0
DA:85,0
DA:86,0
DA:87,0
DA:88,0
DA:94,0
DA:97,0
DA:98,0
DA:102,0
DA:103,0
DA:105,0
DA:109,0
DA:116,1
DA:117,1
LF:35
LH:10
BRDA:98,0,0,0
BRDA:98,0,1,0
BRDA:99,1,0,0
BRDA:99,1,1,0
BRF:4
BRH:0
end_of_record
TN:
SF:src/utils/test-utils.tsx
FN:17,renderWithProviders
FN:26,Wrapper
FNF:2
FNH:2
FNDA:1,renderWithProviders
FNDA:1,Wrapper
DA:2,1
DA:3,1
DA:7,1
DA:8,1
DA:9,1
DA:17,1
DA:21,1
DA:22,1
DA:29,1
DA:31,1
LF:10
LH:10
BRDA:19,0,0,1
BRDA:20,1,0,1
BRDA:21,2,0,1
BRF:3
BRH:3
end_of_record
