TN:
SF:mocks/fileMock.js
FN:2,(anonymous_0)
FNF:1
FNH:0
FNDA:0,(anonymous_0)
DA:2,1
LF:1
LH:1
BRF:0
BRH:0
end_of_record
TN:
SF:mocks/reactLeafletMock.js
FNF:0
FNH:0
DA:2,1
LF:1
LH:1
BRF:0
BRH:0
end_of_record
TN:
SF:mocks/styleMock.js
FNF:0
FNH:0
DA:1,1
LF:1
LH:1
BRF:0
BRH:0
end_of_record
TN:
SF:src/Hello.tsx
FN:1,(anonymous_0)
FNF:1
FNH:1
FNDA:1,(anonymous_0)
DA:1,1
DA:2,1
DA:5,1
LF:3
LH:3
BRF:0
BRH:0
end_of_record
TN:
SF:src/components/AboutButton/index.tsx
FN:4,(anonymous_1)
FN:7,(anonymous_2)
FNF:2
FNH:1
FNDA:5,(anonymous_1)
FNDA:0,(anonymous_2)
DA:1,1
DA:2,1
DA:4,1
DA:5,5
DA:7,0
DA:8,0
DA:11,0
DA:23,1
LF:8
LH:5
BRF:0
BRH:0
end_of_record
TN:
SF:src/components/DestinationMarker/index.tsx
FN:7,(anonymous_7)
FN:9,(anonymous_8)
FN:16,(anonymous_9)
FNF:3
FNH:0
FNDA:0,(anonymous_7)
FNDA:0,(anonymous_8)
FNDA:0,(anonymous_9)
DA:1,1
DA:2,1
DA:3,1
DA:4,1
DA:5,1
DA:7,1
DA:8,0
DA:9,0
DA:11,0
DA:16,0
DA:17,0
DA:18,0
DA:22,0
DA:29,1
LF:14
LH:7
BRDA:17,0,0,0
BRDA:22,1,0,0
BRDA:22,1,1,0
BRF:3
BRH:0
end_of_record
TN:
SF:src/components/IconIllustration/index.tsx
FN:13,(anonymous_1)
FN:20,(anonymous_2)
FNF:2
FNH:2
FNDA:3,(anonymous_1)
FNDA:12,(anonymous_2)
DA:1,1
DA:2,1
DA:3,1
DA:4,1
DA:6,1
DA:13,1
DA:14,3
DA:21,12
DA:34,1
LF:9
LH:9
BRF:0
BRH:0
end_of_record
TN:
SF:src/components/LocationButton/index.tsx
FN:5,(anonymous_0)
FN:8,(anonymous_1)
FN:11,(anonymous_2)
FNF:3
FNH:0
FNDA:0,(anonymous_0)
FNDA:0,(anonymous_1)
FNDA:0,(anonymous_2)
DA:1,1
DA:2,1
DA:3,1
DA:5,1
DA:6,0
DA:7,0
DA:8,0
DA:11,0
DA:12,0
DA:13,0
DA:16,0
DA:27,1
LF:12
LH:5
BRDA:12,0,0,0
BRF:1
BRH:0
end_of_record
TN:
SF:src/components/Map/index.tsx
FN:12,(anonymous_1)
FN:15,(anonymous_2)
FNF:2
FNH:1
FNDA:5,(anonymous_1)
FNDA:0,(anonymous_2)
DA:1,1
DA:2,1
DA:3,1
DA:4,1
DA:5,1
DA:6,1
DA:7,1
DA:8,1
DA:9,1
DA:10,1
DA:12,1
DA:13,5
DA:15,0
DA:16,0
DA:19,0
DA:35,1
LF:16
LH:13
BRF:0
BRH:0
end_of_record
TN:
SF:src/components/ParkingLotsMarkerContainer/ParkingLotMarker.tsx
FN:18,(anonymous_1)
FN:23,(anonymous_2)
FN:27,(anonymous_3)
FN:38,(anonymous_4)
FN:41,(anonymous_5)
FNF:5
FNH:0
FNDA:0,(anonymous_1)
FNDA:0,(anonymous_2)
FNDA:0,(anonymous_3)
FNDA:0,(anonymous_4)
FNDA:0,(anonymous_5)
DA:2,1
DA:3,1
DA:5,1
DA:6,1
DA:7,1
DA:8,1
DA:9,1
DA:10,1
DA:11,1
DA:12,1
DA:18,1
DA:19,0
DA:20,0
DA:22,0
DA:23,0
DA:26,0
DA:27,0
DA:30,0
DA:32,0
DA:37,0
DA:38,0
DA:41,0
DA:42,0
DA:45,0
DA:46,0
DA:47,0
DA:48,0
DA:49,0
DA:50,0
DA:52,0
DA:55,0
DA:60,0
DA:83,1
LF:33
LH:12
BRDA:30,0,0,0
BRDA:30,0,1,0
BRDA:42,1,0,0
BRDA:42,1,1,0
BRDA:42,2,0,0
BRDA:42,2,1,0
BRDA:42,3,0,0
BRDA:42,3,1,0
BRDA:42,4,0,0
BRDA:42,4,1,0
BRDA:42,5,0,0
BRDA:42,5,1,0
BRDA:45,6,0,0
BRDA:45,6,1,0
BRDA:47,7,0,0
BRDA:47,7,1,0
BRDA:47,8,0,0
BRDA:47,8,1,0
BRDA:49,9,0,0
BRDA:49,9,1,0
BRF:20
BRH:0
end_of_record
TN:
SF:src/components/ParkingLotsMarkerContainer/index.tsx
FN:11,(anonymous_1)
FN:16,(anonymous_2)
FN:20,(anonymous_3)
FN:21,(anonymous_4)
FN:23,(anonymous_5)
FN:24,(anonymous_6)
FN:32,(anonymous_7)
FN:37,(anonymous_8)
FNF:8
FNH:0
FNDA:0,(anonymous_1)
FNDA:0,(anonymous_2)
FNDA:0,(anonymous_3)
FNDA:0,(anonymous_4)
FNDA:0,(anonymous_5)
FNDA:0,(anonymous_6)
FNDA:0,(anonymous_7)
FNDA:0,(anonymous_8)
DA:1,1
DA:2,1
DA:3,1
DA:4,1
DA:8,1
DA:9,1
DA:11,1
DA:12,0
DA:13,0
DA:14,0
DA:16,0
DA:17,0
DA:20,0
DA:21,0
DA:23,0
DA:24,0
DA:25,0
DA:26,0
DA:28,0
DA:31,0
DA:32,0
DA:35,0
DA:38,0
DA:44,1
LF:24
LH:8
BRF:0
BRH:0
end_of_record
TN:
SF:src/components/SearchForm/index.tsx
FN:12,(anonymous_0)
FN:16,(anonymous_1)
FNF:2
FNH:1
FNDA:5,(anonymous_0)
FNDA:0,(anonymous_1)
DA:1,1
DA:2,1
DA:3,1
DA:4,1
DA:5,1
DA:6,1
DA:12,1
DA:13,5
DA:14,0
DA:16,0
DA:17,0
DA:18,0
DA:21,0
DA:39,1
LF:14
LH:9
BRDA:17,0,0,0
BRF:1
BRH:0
end_of_record
TN:
SF:src/components/UserLocationMarker/index.tsx
FN:10,(anonymous_1)
FN:14,(anonymous_2)
FN:23,(anonymous_3)
FN:24,(anonymous_4)
FN:30,(anonymous_5)
FN:33,(anonymous_6)
FNF:6
FNH:0
FNDA:0,(anonymous_1)
FNDA:0,(anonymous_2)
FNDA:0,(anonymous_3)
FNDA:0,(anonymous_4)
FNDA:0,(anonymous_5)
FNDA:0,(anonymous_6)
DA:1,1
DA:2,1
DA:3,1
DA:4,1
DA:5,1
DA:6,1
DA:7,1
DA:8,1
DA:10,1
DA:11,0
DA:12,0
DA:14,0
DA:15,0
DA:18,0
DA:23,0
DA:24,0
DA:25,0
DA:29,0
DA:30,0
DA:32,0
DA:33,0
DA:36,0
DA:37,0
DA:38,0
DA:42,0
DA:45,0
DA:57,1
LF:27
LH:10
BRDA:36,0,0,0
BRDA:37,1,0,0
BRDA:45,2,0,0
BRDA:45,2,1,0
BRF:4
BRH:0
end_of_record
TN:
SF:src/data/data.ts
FNF:0
FNH:0
DA:3,1
DA:4,1
DA:5,1
DA:6,1
DA:8,1
LF:5
LH:5
BRF:0
BRH:0
end_of_record
TN:
SF:src/pages/Homepage/index.tsx
FN:6,(anonymous_1)
FNF:1
FNH:1
FNDA:3,(anonymous_1)
DA:1,1
DA:2,1
DA:3,1
DA:4,1
DA:6,1
DA:7,3
DA:16,1
LF:7
LH:7
BRF:0
BRH:0
end_of_record
TN:
SF:src/store/index.ts
FN:11,(anonymous_1)
FNF:1
FNH:1
FNDA:1,(anonymous_1)
DA:1,1
DA:2,1
DA:3,1
DA:4,1
DA:6,1
DA:12,1
DA:20,1
DA:21,1
DA:23,1
LF:9
LH:9
BRF:0
BRH:0
end_of_record
TN:
SF:src/store/parkingLotsSlice.ts
FN:30,(anonymous_7)
FN:30,(anonymous_8)
FN:45,(anonymous_9)
FN:45,(anonymous_10)
FN:61,(anonymous_11)
FN:64,(anonymous_12)
FN:68,(anonymous_13)
FN:72,(anonymous_14)
FN:76,(anonymous_15)
FNF:9
FNH:1
FNDA:0,(anonymous_7)
FNDA:0,(anonymous_8)
FNDA:0,(anonymous_9)
FNDA:0,(anonymous_10)
FNDA:0,(anonymous_11)
FNDA:0,(anonymous_12)
FNDA:1,(anonymous_13)
FNDA:0,(anonymous_14)
FNDA:0,(anonymous_15)
DA:1,1
DA:10,1
DA:11,1
DA:20,1
DA:28,1
DA:30,0
DA:31,0
DA:32,0
DA:33,0
DA:34,0
DA:37,0
DA:43,1
DA:45,0
DA:46,0
DA:47,0
DA:48,0
DA:49,0
DA:52,0
DA:57,1
DA:62,0
DA:65,0
DA:69,1
DA:73,0
DA:77,0
DA:82,1
DA:83,1
LF:26
LH:10
BRF:0
BRH:0
end_of_record
TN:
SF:src/store/userSlice.ts
FN:45,(anonymous_7)
FN:45,(anonymous_8)
FN:62,(anonymous_9)
FN:62,(anonymous_10)
FN:78,(anonymous_11)
FN:82,(anonymous_12)
FN:93,(anonymous_13)
FNF:7
FNH:1
FNDA:0,(anonymous_7)
FNDA:0,(anonymous_8)
FNDA:0,(anonymous_9)
FNDA:0,(anonymous_10)
FNDA:1,(anonymous_11)
FNDA:0,(anonymous_12)
FNDA:0,(anonymous_13)
DA:1,1
DA:3,1
DA:12,1
DA:30,1
DA:43,1
DA:45,0
DA:46,0
DA:47,0
DA:50,0
DA:51,0
DA:54,0
DA:60,1
DA:62,0
DA:63,0
DA:64,0
DA:65,0
DA:66,0
DA:69,0
DA:74,1
DA:79,1
DA:83,0
DA:84,0
DA:85,0
DA:86,0
DA:87,0
DA:88,0
DA:94,0
DA:97,0
DA:98,0
DA:102,0
DA:103,0
DA:105,0
DA:109,0
DA:116,1
DA:117,1
LF:35
LH:10
BRDA:98,0,0,0
BRDA:98,0,1,0
BRDA:99,1,0,0
BRDA:99,1,1,0
BRF:4
BRH:0
end_of_record
TN:
SF:src/utils/navigationUrlGenerator.ts
FN:3,(anonymous_0)
FNF:1
FNH:0
FNDA:0,(anonymous_0)
DA:3,1
DA:7,0
DA:8,0
DA:11,1
LF:4
LH:2
BRF:0
BRH:0
end_of_record
TN:
SF:src/utils/transformCoord.ts
FN:19,(anonymous_1)
FNF:1
FNH:0
FNDA:0,(anonymous_1)
DA:1,1
DA:4,1
DA:19,1
DA:20,0
DA:21,0
DA:24,1
LF:6
LH:4
BRF:0
BRH:0
end_of_record
